[11-Jun-2023 22:58:58 Asia/Tokyo] PHP Warning:  require_once(parts/navibar.php): Failed to open stream: No such file or directory in /var/www/html/php-rock-paper-scissors/index.php on line 4
[11-Jun-2023 22:58:58 Asia/Tokyo] PHP Fatal error:  Uncaught Error: Failed opening required 'parts/navibar.php' (include_path='.:/usr/local/lib/php') in /var/www/html/php-rock-paper-scissors/index.php:4
Stack trace:
#0 {main}
  thrown in /var/www/html/php-rock-paper-scissors/index.php on line 4
[11-Jun-2023 22:59:44 Asia/Tokyo] PHP Warning:  require_once(parts/navibar.php): Failed to open stream: No such file or directory in /var/www/html/php-rock-paper-scissors/index.php on line 4
[11-Jun-2023 22:59:44 Asia/Tokyo] PHP Fatal error:  Uncaught Error: Failed opening required 'parts/navibar.php' (include_path='.:/usr/local/lib/php') in /var/www/html/php-rock-paper-scissors/index.php:4
Stack trace:
#0 {main}
  thrown in /var/www/html/php-rock-paper-scissors/index.php on line 4
[11-Jun-2023 22:59:45 Asia/Tokyo] PHP Warning:  require_once(parts/navibar.php): Failed to open stream: No such file or directory in /var/www/html/php-rock-paper-scissors/index.php on line 4
[11-Jun-2023 22:59:45 Asia/Tokyo] PHP Fatal error:  Uncaught Error: Failed opening required 'parts/navibar.php' (include_path='.:/usr/local/lib/php') in /var/www/html/php-rock-paper-scissors/index.php:4
Stack trace:
#0 {main}
  thrown in /var/www/html/php-rock-paper-scissors/index.php on line 4
[11-Jun-2023 23:00:25 Asia/Tokyo] PHP Warning:  require_once(parts/navibar.php): Failed to open stream: No such file or directory in /var/www/html/php-rock-paper-scissors/game.php on line 4
[11-Jun-2023 23:00:25 Asia/Tokyo] PHP Fatal error:  Uncaught Error: Failed opening required 'parts/navibar.php' (include_path='.:/usr/local/lib/php') in /var/www/html/php-rock-paper-scissors/game.php:4
Stack trace:
#0 {main}
  thrown in /var/www/html/php-rock-paper-scissors/game.php on line 4
[11-Jun-2023 23:00:36 Asia/Tokyo] PHP Warning:  require_once(parts/navibar.php): Failed to open stream: No such file or directory in /var/www/html/php-rock-paper-scissors/game.php on line 4
[11-Jun-2023 23:00:36 Asia/Tokyo] PHP Fatal error:  Uncaught Error: Failed opening required 'parts/navibar.php' (include_path='.:/usr/local/lib/php') in /var/www/html/php-rock-paper-scissors/game.php:4
Stack trace:
#0 {main}
  thrown in /var/www/html/php-rock-paper-scissors/game.php on line 4
